#! /usr/local/bin/vvp
:ivl_version "11.0 (devel)" "(s20150603-591-g36120769-dirty)";
:ivl_delay_selection "TYPICAL";
:vpi_time_precision + 0;
:vpi_module "system";
:vpi_module "vhdl_sys";
:vpi_module "vhdl_textio";
:vpi_module "v2005_math";
:vpi_module "va_math";
:vpi_module "v2009";
S_0x7fe099516620 .scope package, "$unit" "$unit" 2 1;
 .timescale 0 0;
enum0x7fe09950e690 .enum2/s (32)
   "VERB_NONE" 0,
   "VERB_LOW" 100,
   "VERB_MEDIUM" 200,
   "VERB_HIGH" 300,
   "VERB_FULL" 400,
   "VERB_DEBUG" 500
 ;
S_0x7fe09950a940 .scope function.void, "print_result" "print_result" 3 49, 3 49 0, S_0x7fe099516620;
 .timescale 0 0;
v0x7fe099503010_0 .var/2u "test_stat", 63 0;
v0x7fe09952be10_0 .var/2s "verbosity", 31 0;
TD_$unit.print_result ;
    %load/vec4 v0x7fe09952be10_0;
    %cmpi/s 200, 0, 32;
    %jmp/0xz  T_0.0, 5;
    %vpi_call/w 3 55 "$display", "[%5s]  %s ", "INFO", "=======================================================================" {0 0 0};
T_0.0 ;
    %load/vec4 v0x7fe09952be10_0;
    %cmpi/s 200, 0, 32;
    %jmp/0xz  T_0.2, 5;
    %vpi_call/w 3 60 "$display", "[%5s]  %s ", "INFO", "Test results" {0 0 0};
T_0.2 ;
    %load/vec4 v0x7fe09952be10_0;
    %cmpi/s 200, 0, 32;
    %jmp/0xz  T_0.4, 5;
    %vpi_call/w 3 65 "$display", "[%5s]  %s ", "INFO", "=======================================================================" {0 0 0};
T_0.4 ;
    %load/vec4 v0x7fe09952be10_0;
    %cmpi/s 200, 0, 32;
    %jmp/0xz  T_0.6, 5;
    %vpi_func/s 3 54 "$sformatf", "Number of passed tests = %0d", &PV<v0x7fe099503010_0, 32, 32> {0 0 0};
    %vpi_call/w 3 54 "$display", "[%5s]  %s ", "INFO", S<0,str> {0 0 1};
T_0.6 ;
    %load/vec4 v0x7fe09952be10_0;
    %cmpi/s 200, 0, 32;
    %jmp/0xz  T_0.8, 5;
    %vpi_func/s 3 55 "$sformatf", "Number of failed tests = %0d\012", &PV<v0x7fe099503010_0, 0, 32> {0 0 0};
    %vpi_call/w 3 55 "$display", "[%5s]  %s ", "INFO", S<0,str> {0 0 1};
T_0.8 ;
    %end;
S_0x7fe099502c30 .scope module, "line_buffer_tester" "line_buffer_tester" 4 3;
 .timescale 0 0;
P_0x7fe099502da0 .param/l "DEPTH_SIZE" 0 4 7, +C4<00000000000000000000000000001010>;
P_0x7fe099502de0 .param/l "INPUT_WIDTH" 0 4 6, +C4<00000000000000000000000000010000>;
P_0x7fe099502e20 .param/l "NUM_ELEMENTS" 0 4 8, +C4<00000000000000000000000000001010>;
v0x7fe09952d7c0_0 .var "clk", 0 0;
v0x7fe09952d860_0 .var "rst", 0 0;
v0x7fe09952d910_0 .var "x_in", 0 0;
v0x7fe09952d9e0 .array "x_in_vec", 0 9, 0 0;
v0x7fe09952da70_0 .net "y_out", 0 0, L_0x7fe09952db40;  1 drivers
S_0x7fe09952beb0 .scope begin, "$unm_blk_7" "$unm_blk_7" 4 27, 4 27 0, S_0x7fe099502c30;
 .timescale 0 0;
v0x7fe09952c860_0 .var/str "array_str";
v0x7fe09952c910_0 .var/2u "step_cnt", 31 0;
v0x7fe09952c9c0_0 .var/2u "test_stat", 63 0;
v0x7fe09952ca80_0 .var/2s "verbosity", 31 0;
S_0x7fe09952c070 .scope begin, "$ivl_for_loop0" "$ivl_for_loop0" 4 35, 4 35 0, S_0x7fe09952beb0;
 .timescale 0 0;
v0x7fe09952c240_0 .var/2s "i", 31 0;
S_0x7fe09952c300 .scope begin, "$ivl_for_loop1" "$ivl_for_loop1" 4 40, 4 40 0, S_0x7fe09952beb0;
 .timescale 0 0;
v0x7fe09952c510_0 .var/2s "i", 31 0;
E_0x7fe09952c4d0 .event posedge, v0x7fe09952d4b0_0;
S_0x7fe09952c5d0 .scope begin, "$ivl_for_loop2" "$ivl_for_loop2" 4 49, 4 49 0, S_0x7fe09952beb0;
 .timescale 0 0;
v0x7fe09952c7b0_0 .var/2s "i", 31 0;
S_0x7fe09952cb30 .scope module, "line_buffer_inst" "line_buffer" 4 23, 5 1 0, S_0x7fe099502c30;
 .timescale 0 0;
    .port_info 0 /INPUT 1 "clk";
    .port_info 1 /INPUT 1 "rst";
    .port_info 2 /INPUT 1 "x_in";
    .port_info 3 /OUTPUT 1 "y_out";
P_0x7fe09952cd00 .param/l "DEPTH_SIZE" 0 5 3, +C4<00000000000000000000000000001010>;
v0x7fe09952d380_9 .array/port v0x7fe09952d380, 9;
L_0x7fe09952db40 .functor BUFZ 1, v0x7fe09952d380_9, C4<0>, C4<0>, C4<0>;
v0x7fe09952d380 .array "buffer", 0 9, 0 0;
v0x7fe09952d4b0_0 .net "clk", 0 0, v0x7fe09952d7c0_0;  1 drivers
v0x7fe09952d550_0 .net "rst", 0 0, v0x7fe09952d860_0;  1 drivers
v0x7fe09952d600_0 .net "x_in", 0 0, v0x7fe09952d910_0;  1 drivers
v0x7fe09952d6a0_0 .net "y_out", 0 0, L_0x7fe09952db40;  alias, 1 drivers
S_0x7fe09952cea0 .scope begin, "$ivl_for_loop3" "$ivl_for_loop3" 5 14, 5 14 0, S_0x7fe09952cb30;
 .timescale 0 0;
v0x7fe09952d060_0 .var/2s "i", 31 0;
S_0x7fe09952d120 .scope begin, "$ivl_for_loop4" "$ivl_for_loop4" 5 18, 5 18 0, S_0x7fe09952cb30;
 .timescale 0 0;
v0x7fe09952d2f0_0 .var/2s "i", 31 0;
    .scope S_0x7fe09952cb30;
T_1 ;
    %wait E_0x7fe09952c4d0;
    %load/vec4 v0x7fe09952d550_0;
    %inv;
    %flag_set/vec4 8;
    %jmp/0xz  T_1.0, 8;
    %fork t_1, S_0x7fe09952cea0;
    %jmp t_0;
    .scope S_0x7fe09952cea0;
t_1 ;
    %pushi/vec4 0, 0, 32;
    %store/vec4 v0x7fe09952d060_0, 0, 32;
T_1.2 ;
    %load/vec4 v0x7fe09952d060_0;
    %cmpi/s 10, 0, 32;
    %jmp/0xz T_1.3, 5;
    %pushi/vec4 0, 0, 1;
    %ix/getv/s 3, v0x7fe09952d060_0;
    %ix/load 4, 0, 0; Constant delay
    %assign/vec4/a/d v0x7fe09952d380, 0, 4;
    ; show_stmt_assign_vector: Get l-value for compressed += operand
    %load/vec4 v0x7fe09952d060_0;
    %pushi/vec4 1, 0, 32;
    %add;
    %cast2;
    %store/vec4 v0x7fe09952d060_0, 0, 32;
    %jmp T_1.2;
T_1.3 ;
    %end;
    .scope S_0x7fe09952cb30;
t_0 %join;
    %jmp T_1.1;
T_1.0 ;
    %fork t_3, S_0x7fe09952d120;
    %jmp t_2;
    .scope S_0x7fe09952d120;
t_3 ;
    %pushi/vec4 0, 0, 32;
    %store/vec4 v0x7fe09952d2f0_0, 0, 32;
T_1.4 ;
    %load/vec4 v0x7fe09952d2f0_0;
    %cmpi/s 9, 0, 32;
    %jmp/0xz T_1.5, 5;
    %ix/getv/s 4, v0x7fe09952d2f0_0;
    %load/vec4a v0x7fe09952d380, 4;
    %load/vec4 v0x7fe09952d2f0_0;
    %pad/s 33;
    %addi 1, 0, 33;
    %ix/vec4/s 3;
    %ix/load 4, 0, 0; Constant delay
    %assign/vec4/a/d v0x7fe09952d380, 0, 4;
    ; show_stmt_assign_vector: Get l-value for compressed += operand
    %load/vec4 v0x7fe09952d2f0_0;
    %pushi/vec4 1, 0, 32;
    %add;
    %cast2;
    %store/vec4 v0x7fe09952d2f0_0, 0, 32;
    %jmp T_1.4;
T_1.5 ;
    %end;
    .scope S_0x7fe09952cb30;
t_2 %join;
    %load/vec4 v0x7fe09952d600_0;
    %ix/load 3, 0, 0;
    %flag_set/imm 4, 0;
    %ix/load 4, 0, 0; Constant delay
    %assign/vec4/a/d v0x7fe09952d380, 0, 4;
T_1.1 ;
    %vpi_func/s 5 23 "$sformatf", "x_in=%0d", &A<v0x7fe09952d380, 0> {0 0 0};
    %vpi_call/w 5 23 "$display", S<0,str> {0 0 1};
    %jmp T_1;
    .thread T_1;
    .scope S_0x7fe09952beb0;
T_2 ;
    %pushi/str "Input Array: ";
    %store/str v0x7fe09952c860_0;
    %pushi/vec4 100, 0, 32;
    %store/vec4 v0x7fe09952ca80_0, 0, 32;
    %pushi/vec4 0, 0, 32;
    %store/vec4 v0x7fe09952c910_0, 0, 32;
    %end;
    .thread T_2, $init;
    .scope S_0x7fe099502c30;
T_3 ;
    %fork t_5, S_0x7fe09952beb0;
    %jmp t_4;
    .scope S_0x7fe09952beb0;
t_5 ;
    %pushi/vec4 0, 0, 32;
    %ix/load 4, 32, 0;
    %flag_set/imm 4, 0;
    %store/vec4 v0x7fe09952c9c0_0, 4, 32;
    %pushi/vec4 0, 0, 32;
    %ix/load 4, 0, 0;
    %flag_set/imm 4, 0;
    %store/vec4 v0x7fe09952c9c0_0, 4, 32;
    %load/vec4 v0x7fe09952ca80_0;
    %cmpi/s 200, 0, 32;
    %jmp/0xz  T_3.0, 5;
    %vpi_call/w 4 39 "$display", "[%5s]  %s ", "INFO", "=======================================================================" {0 0 0};
T_3.0 ;
    %load/vec4 v0x7fe09952ca80_0;
    %cmpi/s 200, 0, 32;
    %jmp/0xz  T_3.2, 5;
    %vpi_call/w 4 44 "$display", "[%5s]  %s ", "INFO", "Testing Line Buffer" {0 0 0};
T_3.2 ;
    %load/vec4 v0x7fe09952ca80_0;
    %cmpi/s 200, 0, 32;
    %jmp/0xz  T_3.4, 5;
    %vpi_call/w 4 49 "$display", "[%5s]  %s ", "INFO", "=======================================================================" {0 0 0};
T_3.4 ;
    %fork t_7, S_0x7fe09952c070;
    %jmp t_6;
    .scope S_0x7fe09952c070;
t_7 ;
    %pushi/vec4 0, 0, 32;
    %store/vec4 v0x7fe09952c240_0, 0, 32;
T_3.6 ;
    %load/vec4 v0x7fe09952c240_0;
    %cmpi/s 10, 0, 32;
    %jmp/0xz T_3.7, 5;
    %vpi_func 4 36 "$urandom_range" 32, 32'sb00000000000000000000000000000000, 32'sb00000000000000001111111111111111 {0 0 0};
    %pad/u 1;
    %ix/getv/s 4, v0x7fe09952c240_0;
    %store/vec4a v0x7fe09952d9e0, 4, 0;
    %load/str v0x7fe09952c860_0;
    %vpi_func/s 4 37 "$sformatf", "%h,", &A<v0x7fe09952d9e0, v0x7fe09952c240_0 > {0 0 0};
    %concat/str;
    %store/str v0x7fe09952c860_0;
    ; show_stmt_assign_vector: Get l-value for compressed += operand
    %load/vec4 v0x7fe09952c240_0;
    %pushi/vec4 1, 0, 32;
    %add;
    %cast2;
    %store/vec4 v0x7fe09952c240_0, 0, 32;
    %jmp T_3.6;
T_3.7 ;
    %end;
    .scope S_0x7fe09952beb0;
t_6 %join;
    %fork t_9, S_0x7fe09952c300;
    %jmp t_8;
    .scope S_0x7fe09952c300;
t_9 ;
    %pushi/vec4 0, 0, 32;
    %store/vec4 v0x7fe09952c510_0, 0, 32;
T_3.8 ;
    %load/vec4 v0x7fe09952c510_0;
    %cmpi/s 40, 0, 32;
    %jmp/0xz T_3.9, 5;
    %wait E_0x7fe09952c4d0;
    %ix/getv/s 4, v0x7fe09952c510_0;
    %load/vec4a v0x7fe09952d9e0, 4;
    %store/vec4 v0x7fe09952d910_0, 0, 1;
    %load/vec4 v0x7fe09952c910_0;
    %cmpi/u 10, 0, 32;
    %flag_inv 5; GE is !LT
    %jmp/0xz  T_3.10, 5;
T_3.10 ;
    ; show_stmt_assign_vector: Get l-value for compressed += operand
    %load/vec4 v0x7fe09952c910_0;
    %pushi/vec4 1, 0, 32;
    %add;
    %cast2;
    %store/vec4 v0x7fe09952c910_0, 0, 32;
    ; show_stmt_assign_vector: Get l-value for compressed += operand
    %load/vec4 v0x7fe09952c510_0;
    %pushi/vec4 1, 0, 32;
    %add;
    %cast2;
    %store/vec4 v0x7fe09952c510_0, 0, 32;
    %jmp T_3.8;
T_3.9 ;
    %end;
    .scope S_0x7fe09952beb0;
t_8 %join;
    %fork t_11, S_0x7fe09952c5d0;
    %jmp t_10;
    .scope S_0x7fe09952c5d0;
t_11 ;
    %pushi/vec4 0, 0, 32;
    %store/vec4 v0x7fe09952c7b0_0, 0, 32;
T_3.12 ;
    %load/vec4 v0x7fe09952c7b0_0;
    %cmpi/s 10, 0, 32;
    %jmp/0xz T_3.13, 5;
    ; show_stmt_assign_vector: Get l-value for compressed += operand
    %load/vec4 v0x7fe09952c7b0_0;
    %pushi/vec4 1, 0, 32;
    %add;
    %cast2;
    %store/vec4 v0x7fe09952c7b0_0, 0, 32;
    %jmp T_3.12;
T_3.13 ;
    %end;
    .scope S_0x7fe09952beb0;
t_10 %join;
    %vpi_call/w 4 58 "$finish" {0 0 0};
    %end;
    .scope S_0x7fe099502c30;
t_4 %join;
    %end;
    .thread T_3;
    .scope S_0x7fe099502c30;
T_4 ;
    %pushi/vec4 0, 0, 1;
    %store/vec4 v0x7fe09952d7c0_0, 0, 1;
    %pushi/vec4 1, 0, 1;
    %store/vec4 v0x7fe09952d860_0, 0, 1;
    %delay 0, 0;
    %pushi/vec4 0, 0, 1;
    %store/vec4 v0x7fe09952d860_0, 0, 1;
    %delay 0, 0;
    %pushi/vec4 1, 0, 1;
    %store/vec4 v0x7fe09952d860_0, 0, 1;
T_4.0 ;
    %delay 0, 0;
    %load/vec4 v0x7fe09952d7c0_0;
    %nor/r;
    %store/vec4 v0x7fe09952d7c0_0, 0, 1;
    %jmp T_4.0;
    %end;
    .thread T_4;
    .scope S_0x7fe099502c30;
T_5 ;
    %delay 1, 0;
    %vpi_call/w 4 82 "$display", "Simulation took more than expected ( more than 600ms)" {0 0 0};
    %vpi_call/w 4 83 "$finish" {0 0 0};
    %end;
    .thread T_5;
# The file index is used to find the file name in the following table.
:file_names 6;
    "N/A";
    "<interactive>";
    "-";
    "./../tb/utils.sv";
    "../tb/line_buffer_tester.sv";
    "../rtl/line_buffer.sv";
