  stdafx.cpp
  Project_Brain_VS.cpp
  PE.cpp
  NNLayer.cpp
c:\githubrepo\ele8307\ele8307_project\vs_project\project_brain_vs_modif\project_brain_vs\nnlayer.cpp(71): warning C4244: 'argument': conversion from 'double' to 'float', possible loss of data
c:\githubrepo\ele8307\ele8307_project\vs_project\project_brain_vs_modif\project_brain_vs\nnlayer.cpp(91): warning C4244: '=': conversion from 'double' to 'BYTE', possible loss of data
c:\githubrepo\ele8307\ele8307_project\vs_project\project_brain_vs_modif\project_brain_vs\nnlayer.cpp(109): warning C4244: 'return': conversion from 'double' to 'BYTE', possible loss of data
c:\githubrepo\ele8307\ele8307_project\vs_project\project_brain_vs_modif\project_brain_vs\nnlayer.cpp(146): warning C4477: 'printf' : format string '%f' requires an argument of type 'double', but variadic argument 2 has type 'int'
c:\githubrepo\ele8307\ele8307_project\vs_project\project_brain_vs_modif\project_brain_vs\nnlayer.cpp(148): warning C4477: 'printf' : format string '%2.2f' requires an argument of type 'double', but variadic argument 1 has type 'int'
c:\githubrepo\ele8307\ele8307_project\vs_project\project_brain_vs_modif\project_brain_vs\nnlayer.cpp(149): warning C4477: 'printf' : format string '%2.2f' requires an argument of type 'double', but variadic argument 1 has type 'int'
c:\githubrepo\ele8307\ele8307_project\vs_project\project_brain_vs_modif\project_brain_vs\nnlayer.cpp(151): warning C4477: 'printf' : format string '%f' requires an argument of type 'double', but variadic argument 1 has type 'int'
  NN.cpp
c:\githubrepo\ele8307\ele8307_project\vs_project\project_brain_vs_modif\project_brain_vs\nn.cpp(53): warning C4244: 'return': conversion from 'float' to 'int', possible loss of data
c:\githubrepo\ele8307\ele8307_project\vs_project\project_brain_vs_modif\project_brain_vs\nn.cpp(67): warning C4477: 'printf' : format string '%2.2f' requires an argument of type 'double', but variadic argument 2 has type 'int'
  Image.cpp
c:\githubrepo\ele8307\ele8307_project\vs_project\project_brain_vs_modif\project_brain_vs\image.cpp(44): warning C4305: 'initializing': truncation from 'double' to 'float'
c:\githubrepo\ele8307\ele8307_project\vs_project\project_brain_vs_modif\project_brain_vs\image.cpp(45): warning C4305: 'initializing': truncation from 'double' to 'float'
c:\githubrepo\ele8307\ele8307_project\vs_project\project_brain_vs_modif\project_brain_vs\image.cpp(79): warning C4244: 'argument': conversion from 'float' to 'int', possible loss of data
c:\githubrepo\ele8307\ele8307_project\vs_project\project_brain_vs_modif\project_brain_vs\image.cpp(87): warning C4244: 'argument': conversion from 'float' to 'int', possible loss of data
  AccelCore.cpp
  Generating Code...
  Project_Brain_VS.vcxproj -> C:\githubRepo\ELE8307\ELE8307_Project\VS_Project\Project_Brain_VS_Modif\Debug\Project_Brain_VS.exe
