#! /usr/local/bin/vvp
:ivl_version "11.0 (devel)" "(s20150603-474-g62e0f59b)";
:ivl_delay_selection "TYPICAL";
:vpi_time_precision + 0;
:vpi_module "system";
:vpi_module "vhdl_sys";
:vpi_module "vhdl_textio";
:vpi_module "v2005_math";
:vpi_module "va_math";
:vpi_module "v2009";
S_0x7fbd58500160 .scope module, "ctrl_tester" "ctrl_tester" 2 2;
 .timescale 0 0;
    .port_info 0 /INPUT 1 "clk"
    .port_info 1 /INPUT 1 "clk_en"
    .port_info 2 /INPUT 1 "rst_n"
o0x10bfd1008 .functor BUFZ 1, C4<z>; HiZ drive
v0x7fbd58513070_0 .net "clk", 0 0, o0x10bfd1008;  0 drivers
o0x10bfd1038 .functor BUFZ 1, C4<z>; HiZ drive
v0x7fbd58513110_0 .net "clk_en", 0 0, o0x10bfd1038;  0 drivers
o0x10bfd1068 .functor BUFZ 1, C4<z>; HiZ drive
v0x7fbd585131c0_0 .net "rst_n", 0 0, o0x10bfd1068;  0 drivers
S_0x7fbd58502e20 .scope module, "ctrl_inst" "ctrl" 2 9, 3 1 0, S_0x7fbd58500160;
 .timescale 0 0;
    .port_info 0 /INPUT 1 "clk"
    .port_info 1 /INPUT 1 "clk_en"
    .port_info 2 /INPUT 1 "rst_n"
v0x7fbd58502f90_0 .net "clk", 0 0, o0x10bfd1008;  alias, 0 drivers
v0x7fbd58512ed0_0 .net "clk_en", 0 0, o0x10bfd1038;  alias, 0 drivers
v0x7fbd58512f70_0 .net "rst_n", 0 0, o0x10bfd1068;  alias, 0 drivers
    .scope S_0x7fbd58500160;
T_0 ;
    %vpi_call/w 2 16 "$display", "this is a test" {0 0 0};
    %vpi_call/w 2 17 "$finish" {0 0 0};
    %end;
    .thread T_0;
# The file index is used to find the file name in the following table.
:file_names 4;
    "N/A";
    "<interactive>";
    "../tb/ctrl_tester.sv";
    "../rtl/ctrl.sv";
